00:03:04.114 [background-preinit] INFO  o.h.v.i.util.Version - [<clinit>,21] - HV000001: Hibernate Validator 6.2.5.Final
00:03:04.125 [main] INFO  c.s.ServerApplication - [logStarting,55] - Starting ServerApplication using Java 17.0.14 on bxwy with PID 36000 (D:\0.bishe\Templateq\Server-template\server-admin\target\classes started by bxwy in D:\0.bishe\Templateq\Server-template)
00:03:04.126 [main] INFO  c.s.ServerApplication - [logStartupProfileInfo,686] - The following 2 profiles are active: "dev", "druid"
00:03:06.379 [main] INFO  o.a.c.h.Http11NioProtocol - [log,173] - Initializing ProtocolHandler ["http-nio-8080"]
00:03:06.381 [main] INFO  o.a.c.c.StandardService - [log,173] - Starting service [Tomcat]
00:03:06.382 [main] INFO  o.a.c.c.StandardEngine - [log,173] - Starting Servlet engine: [Apache Tomcat/9.0.102]
00:03:06.549 [main] INFO  o.a.c.c.C.[.[.[/] - [log,173] - Initializing Spring embedded WebApplicationContext
00:03:07.643 [main] INFO  c.a.d.p.DruidDataSource - [init,1002] - {dataSource-1} inited
00:03:09.126 [main] INFO  c.a.d.p.DruidDataSource - [close,2204] - {dataSource-1} closing ...
00:03:09.133 [main] INFO  c.a.d.p.DruidDataSource - [close,2277] - {dataSource-1} closed
00:03:09.260 [main] INFO  o.a.c.c.StandardService - [log,173] - Stopping service [Tomcat]
00:03:16.992 [background-preinit] INFO  o.h.v.i.util.Version - [<clinit>,21] - HV000001: Hibernate Validator 6.2.5.Final
00:03:16.998 [main] INFO  c.s.ServerApplication - [logStarting,55] - Starting ServerApplication using Java 17.0.14 on bxwy with PID 8488 (D:\0.bishe\Templateq\Server-template\server-admin\target\classes started by bxwy in D:\0.bishe\Templateq\Server-template)
00:03:16.999 [main] INFO  c.s.ServerApplication - [logStartupProfileInfo,686] - The following 2 profiles are active: "dev", "druid"
00:03:19.074 [main] INFO  o.a.c.h.Http11NioProtocol - [log,173] - Initializing ProtocolHandler ["http-nio-8080"]
00:03:19.076 [main] INFO  o.a.c.c.StandardService - [log,173] - Starting service [Tomcat]
00:03:19.076 [main] INFO  o.a.c.c.StandardEngine - [log,173] - Starting Servlet engine: [Apache Tomcat/9.0.102]
00:03:19.213 [main] INFO  o.a.c.c.C.[.[.[/] - [log,173] - Initializing Spring embedded WebApplicationContext
00:03:20.210 [main] INFO  c.a.d.p.DruidDataSource - [init,1002] - {dataSource-1} inited
00:03:22.179 [main] INFO  o.q.i.StdSchedulerFactory - [instantiate,1220] - Using default implementation for ThreadExecutor
00:03:22.192 [main] INFO  o.q.c.SchedulerSignalerImpl - [<init>,61] - Initialized Scheduler Signaller of type: class org.quartz.core.SchedulerSignalerImpl
00:03:22.192 [main] INFO  o.q.c.QuartzScheduler - [<init>,229] - Quartz Scheduler v.2.3.2 created.
00:03:22.193 [main] INFO  o.q.s.RAMJobStore - [initialize,155] - RAMJobStore initialized.
00:03:22.194 [main] INFO  o.q.c.QuartzScheduler - [initialize,294] - Scheduler meta-data: Quartz Scheduler (v2.3.2) 'quartzScheduler' with instanceId 'NON_CLUSTERED'
  Scheduler class: 'org.quartz.core.QuartzScheduler' - running locally.
  NOT STARTED.
  Currently in standby mode.
  Number of jobs executed: 0
  Using thread pool 'org.quartz.simpl.SimpleThreadPool' - with 10 threads.
  Using job-store 'org.quartz.simpl.RAMJobStore' - which does not support persistence. and is not clustered.

00:03:22.194 [main] INFO  o.q.i.StdSchedulerFactory - [instantiate,1374] - Quartz scheduler 'quartzScheduler' initialized from an externally provided properties instance.
00:03:22.194 [main] INFO  o.q.i.StdSchedulerFactory - [instantiate,1378] - Quartz scheduler version: 2.3.2
00:03:22.194 [main] INFO  o.q.c.QuartzScheduler - [setJobFactory,2293] - JobFactory set to: org.springframework.scheduling.quartz.SpringBeanJobFactory@5a88ecb9
00:03:23.631 [main] INFO  o.a.c.h.Http11NioProtocol - [log,173] - Starting ProtocolHandler ["http-nio-8080"]
00:03:24.132 [main] INFO  o.q.c.QuartzScheduler - [start,547] - Scheduler quartzScheduler_$_NON_CLUSTERED started.
00:03:24.139 [main] INFO  c.s.ServerApplication - [logStarted,61] - Started ServerApplication in 7.522 seconds (JVM running for 8.302)
00:03:27.124 [http-nio-8080-exec-1] INFO  o.a.c.c.C.[.[.[/] - [log,173] - Initializing Spring DispatcherServlet 'dispatcherServlet'
00:03:28.124 [schedule-pool-1] INFO  sys-user - [run,56] - [127.0.0.1]内网IP[admin][Success][登录成功]
00:05:30.128 [schedule-pool-1] INFO  sys-user - [run,56] - [127.0.0.1]内网IP[admin][Success][登录成功]
00:05:40.657 [SpringApplicationShutdownHook] INFO  o.q.c.QuartzScheduler - [standby,585] - Scheduler quartzScheduler_$_NON_CLUSTERED paused.
00:05:40.744 [SpringApplicationShutdownHook] INFO  o.q.c.QuartzScheduler - [shutdown,666] - Scheduler quartzScheduler_$_NON_CLUSTERED shutting down.
00:05:40.744 [SpringApplicationShutdownHook] INFO  o.q.c.QuartzScheduler - [standby,585] - Scheduler quartzScheduler_$_NON_CLUSTERED paused.
00:05:40.745 [SpringApplicationShutdownHook] INFO  o.q.c.QuartzScheduler - [shutdown,740] - Scheduler quartzScheduler_$_NON_CLUSTERED shutdown complete.
00:05:40.745 [SpringApplicationShutdownHook] INFO  sys-user - [shutdownAsyncManager,32] - ====关闭后台任务任务线程池====
00:05:40.746 [SpringApplicationShutdownHook] INFO  c.a.d.p.DruidDataSource - [close,2204] - {dataSource-1} closing ...
00:05:40.752 [SpringApplicationShutdownHook] INFO  c.a.d.p.DruidDataSource - [close,2277] - {dataSource-1} closed
00:08:14.401 [background-preinit] INFO  o.h.v.i.util.Version - [<clinit>,21] - HV000001: Hibernate Validator 6.2.5.Final
00:08:14.408 [main] INFO  c.s.ServerApplication - [logStarting,55] - Starting ServerApplication using Java 17.0.14 on bxwy with PID 40672 (D:\0.bishe\Templateq\Server-template\server-admin\target\classes started by bxwy in D:\0.bishe\Templateq\Server-template)
00:08:14.409 [main] INFO  c.s.ServerApplication - [logStartupProfileInfo,686] - The following 2 profiles are active: "dev", "druid"
00:08:16.553 [main] INFO  o.a.c.h.Http11NioProtocol - [log,173] - Initializing ProtocolHandler ["http-nio-8080"]
00:08:16.554 [main] INFO  o.a.c.c.StandardService - [log,173] - Starting service [Tomcat]
00:08:16.555 [main] INFO  o.a.c.c.StandardEngine - [log,173] - Starting Servlet engine: [Apache Tomcat/9.0.102]
00:08:16.681 [main] INFO  o.a.c.c.C.[.[.[/] - [log,173] - Initializing Spring embedded WebApplicationContext
00:08:17.582 [main] INFO  c.a.d.p.DruidDataSource - [init,1002] - {dataSource-1} inited
00:08:19.654 [main] INFO  o.q.i.StdSchedulerFactory - [instantiate,1220] - Using default implementation for ThreadExecutor
00:08:19.666 [main] INFO  o.q.c.SchedulerSignalerImpl - [<init>,61] - Initialized Scheduler Signaller of type: class org.quartz.core.SchedulerSignalerImpl
00:08:19.666 [main] INFO  o.q.c.QuartzScheduler - [<init>,229] - Quartz Scheduler v.2.3.2 created.
00:08:19.667 [main] INFO  o.q.s.RAMJobStore - [initialize,155] - RAMJobStore initialized.
00:08:19.668 [main] INFO  o.q.c.QuartzScheduler - [initialize,294] - Scheduler meta-data: Quartz Scheduler (v2.3.2) 'quartzScheduler' with instanceId 'NON_CLUSTERED'
  Scheduler class: 'org.quartz.core.QuartzScheduler' - running locally.
  NOT STARTED.
  Currently in standby mode.
  Number of jobs executed: 0
  Using thread pool 'org.quartz.simpl.SimpleThreadPool' - with 10 threads.
  Using job-store 'org.quartz.simpl.RAMJobStore' - which does not support persistence. and is not clustered.

00:08:19.668 [main] INFO  o.q.i.StdSchedulerFactory - [instantiate,1374] - Quartz scheduler 'quartzScheduler' initialized from an externally provided properties instance.
00:08:19.668 [main] INFO  o.q.i.StdSchedulerFactory - [instantiate,1378] - Quartz scheduler version: 2.3.2
00:08:19.668 [main] INFO  o.q.c.QuartzScheduler - [setJobFactory,2293] - JobFactory set to: org.springframework.scheduling.quartz.SpringBeanJobFactory@1dcf5f38
00:08:21.092 [main] INFO  o.a.c.h.Http11NioProtocol - [log,173] - Starting ProtocolHandler ["http-nio-8080"]
00:08:21.662 [main] INFO  o.q.c.QuartzScheduler - [start,547] - Scheduler quartzScheduler_$_NON_CLUSTERED started.
00:08:21.672 [main] INFO  c.s.ServerApplication - [logStarted,61] - Started ServerApplication in 7.655 seconds (JVM running for 8.387)
00:08:38.437 [http-nio-8080-exec-1] INFO  o.a.c.c.C.[.[.[/] - [log,173] - Initializing Spring DispatcherServlet 'dispatcherServlet'
00:08:54.107 [SpringApplicationShutdownHook] INFO  o.q.c.QuartzScheduler - [standby,585] - Scheduler quartzScheduler_$_NON_CLUSTERED paused.
00:08:54.198 [SpringApplicationShutdownHook] INFO  o.q.c.QuartzScheduler - [shutdown,666] - Scheduler quartzScheduler_$_NON_CLUSTERED shutting down.
00:08:54.198 [SpringApplicationShutdownHook] INFO  o.q.c.QuartzScheduler - [standby,585] - Scheduler quartzScheduler_$_NON_CLUSTERED paused.
00:08:54.198 [SpringApplicationShutdownHook] INFO  o.q.c.QuartzScheduler - [shutdown,740] - Scheduler quartzScheduler_$_NON_CLUSTERED shutdown complete.
00:08:54.199 [SpringApplicationShutdownHook] INFO  sys-user - [shutdownAsyncManager,32] - ====关闭后台任务任务线程池====
00:08:54.201 [SpringApplicationShutdownHook] INFO  c.a.d.p.DruidDataSource - [close,2204] - {dataSource-1} closing ...
00:08:54.207 [SpringApplicationShutdownHook] INFO  c.a.d.p.DruidDataSource - [close,2277] - {dataSource-1} closed
